<?xml version="1.0" encoding="UTF-8"?>
<!-- Generated by org.testng.reporters.JUnitXMLReporter -->
<testsuite hostname="CBT-031" ignored="0" name="FireFox" tests="4" failures="1" timestamp="24 Feb 2017 13:42:23 GMT" time="166.877" errors="0">
  <testcase name="addWishlist" time="21.476" classname="com.scripts.ProductSearchTest"/>
  <testcase name="addAndRemove" time="32.058" classname="com.scripts.ProductSearchTest"/>
  <testcase name="compareFunctionality" time="49.743" classname="com.scripts.ProductSearchTest"/>
  <testcase name="applyFilter" time="35.246" classname="com.scripts.ProductSearchTest">
    <failure type="org.openqa.selenium.WebDriverException" message="Element is not clickable at point (119, 9.399993896484375). Other element would receive the click: &amp;lt;div class=&amp;quot;_1H5F__&amp;quot; data-reactid=&amp;quot;10&amp;quot;&amp;gt;&amp;lt;/div&amp;gt;
Command duration or timeout: 111 milliseconds
Build info: version: &amp;apos;2.53.1&amp;apos;, revision: &amp;apos;a36b8b1cd5757287168e54b817830adce9b0158d&amp;apos;, time: &amp;apos;2016-06-30 19:26:09&amp;apos;
System info: host: &amp;apos;CBT-031&amp;apos;, ip: &amp;apos;10.10.12.154&amp;apos;, os.name: &amp;apos;Windows 7&amp;apos;, os.arch: &amp;apos;amd64&amp;apos;, os.version: &amp;apos;6.1&amp;apos;, java.version: &amp;apos;1.8.0_73&amp;apos;
Driver info: org.openqa.selenium.firefox.FirefoxDriver
Capabilities [{applicationCacheEnabled=true, rotatable=false, handlesAlerts=true, databaseEnabled=true, version=46.0, platform=WINDOWS, nativeEvents=false, acceptSslCerts=true, webStorageEnabled=true, locationContextEnabled=true, browserName=firefox, takesScreenshot=true, javascriptEnabled=true, cssSelectorsEnabled=true}]
Session ID: 07defd7d-08d1-4a40-8db8-47074c97cd7e">
      <![CDATA[org.openqa.selenium.WebDriverException: Element is not clickable at point (119, 9.399993896484375). Other element would receive the click: <div class="_1H5F__" data-reactid="10"></div>
Command duration or timeout: 111 milliseconds
Build info: version: '2.53.1', revision: 'a36b8b1cd5757287168e54b817830adce9b0158d', time: '2016-06-30 19:26:09'
System info: host: 'CBT-031', ip: '10.10.12.154', os.name: 'Windows 7', os.arch: 'amd64', os.version: '6.1', java.version: '1.8.0_73'
Driver info: org.openqa.selenium.firefox.FirefoxDriver
Capabilities [{applicationCacheEnabled=true, rotatable=false, handlesAlerts=true, databaseEnabled=true, version=46.0, platform=WINDOWS, nativeEvents=false, acceptSslCerts=true, webStorageEnabled=true, locationContextEnabled=true, browserName=firefox, takesScreenshot=true, javascriptEnabled=true, cssSelectorsEnabled=true}]
Session ID: 07defd7d-08d1-4a40-8db8-47074c97cd7e
	at org.openqa.selenium.remote.ErrorHandler.createThrowable(ErrorHandler.java:206)
	at org.openqa.selenium.remote.ErrorHandler.throwIfResponseFailed(ErrorHandler.java:158)
	at org.openqa.selenium.remote.RemoteWebDriver.execute(RemoteWebDriver.java:678)
	at org.openqa.selenium.remote.RemoteWebElement.execute(RemoteWebElement.java:327)
	at org.openqa.selenium.remote.RemoteWebElement.click(RemoteWebElement.java:85)
	at org.openqa.selenium.support.pagefactory.internal.LocatingElementHandler.invoke(LocatingElementHandler.java:51)
	at com.sun.proxy.$Proxy8.click(Unknown Source)
	at com.scripts.ProductSearchTest.applyFilter(ProductSearchTest.java:104)
... Removed 32 stack frames]]>
    </failure>
  </testcase> <!-- applyFilter -->
</testsuite> <!-- FireFox -->
