<?xml version="1.0" encoding="UTF-8"?>
<!-- Generated by org.testng.reporters.JUnitXMLReporter -->
<testsuite hostname="CBT-031" ignored="3" name="Parallel same methods" tests="1" failures="0" timestamp="28 Feb 2017 06:57:16 GMT" time="0.157" errors="0">
  <testcase name="@BeforeMethod setUp" time="0.0" classname="com.library.CrossBaseLib">
    <failure type="org.testng.TestNGException" message="
Parameter &amp;apos;browser&amp;apos; is required by BeforeMethod on method setUp but has not been marked @Optional or defined
in D:\Navakanth\Framework\gmail\parallel.xml">
      <![CDATA[org.testng.TestNGException: 
Parameter 'browser' is required by BeforeMethod on method setUp but has not been marked @Optional or defined
in D:\Navakanth\Framework\gmail\parallel.xml
	at java.util.concurrent.ThreadPoolExecutor.runWorker(Unknown Source)
	at java.util.concurrent.ThreadPoolExecutor$Worker.run(Unknown Source)
	at java.lang.Thread.run(Unknown Source)
... Removed 9 stack frames]]>
    </failure>
  </testcase> <!-- @BeforeMethod setUp -->
  <testcase name="@AfterMethod tearDown" time="0.0" classname="com.library.CrossBaseLib">
    <skipped/>
  </testcase> <!-- @AfterMethod tearDown -->
  <testcase name="addWishlist" time="0.015" classname="com.scripts.ProductSearchTest">
    <skipped/>
  </testcase> <!-- addWishlist -->
  <testcase name="compareFunctionality" time="0.0" classname="com.scripts.ProductSearchTest">
    <ignored/>
  </testcase> <!-- compareFunctionality -->
  <testcase name="applyFilter" time="0.0" classname="com.scripts.ProductSearchTest">
    <ignored/>
  </testcase> <!-- applyFilter -->
  <testcase name="addAndRemove" time="0.0" classname="com.scripts.ProductSearchTest">
    <ignored/>
  </testcase> <!-- addAndRemove -->
</testsuite> <!-- Parallel same methods -->
